<?xml version="1.0" encoding="UTF-8"?>
<testng-results ignored="0" total="1" passed="1" failed="0" skipped="0">
  <reporter-output>
  </reporter-output>
  <suite started-at="2024-06-21T12:45:06 IST" name="Default suite" finished-at="2024-06-21T12:45:34 IST" duration-ms="27076">
    <groups>
    </groups>
    <test started-at="2024-06-21T12:45:06 IST" name="Default test" finished-at="2024-06-21T12:45:34 IST" duration-ms="27076">
      <class name="Uv.appium.Assist">
        <test-method is-config="true" signature="configure()[pri:0, instance:Uv.appium.Assist@2e385cce]" started-at="2024-06-21T12:45:07 IST" name="configure" finished-at="2024-06-21T12:45:14 IST" duration-ms="7028" status="PASS">
          <reporter-output>
          </reporter-output>
        </test-method> <!-- configure -->
        <test-method signature="assist()[pri:0, instance:Uv.appium.Assist@2e385cce]" started-at="2024-06-21T12:45:14 IST" name="assist" finished-at="2024-06-21T12:45:34 IST" duration-ms="20005" status="PASS">
          <reporter-output>
          </reporter-output>
        </test-method> <!-- assist -->
        <test-method is-config="true" signature="afterMethod(org.testng.ITestResult)[pri:0, instance:Uv.appium.Assist@2e385cce]" started-at="2024-06-21T12:45:34 IST" name="afterMethod" finished-at="2024-06-21T12:45:34 IST" duration-ms="3" status="PASS">
          <params>
            <param index="0">
              <value>
                <![CDATA[[TestResult name=assist status=SUCCESS method=Assist.assist()[pri:0, instance:Uv.appium.Assist@2e385cce] output={null}]]]>
              </value>
            </param>
          </params>
          <reporter-output>
          </reporter-output>
        </test-method> <!-- afterMethod -->
        <test-method is-config="true" signature="close()[pri:0, instance:Uv.appium.Assist@2e385cce]" started-at="2024-06-21T12:45:34 IST" name="close" finished-at="2024-06-21T12:45:34 IST" duration-ms="0" status="PASS">
          <reporter-output>
          </reporter-output>
        </test-method> <!-- close -->
      </class> <!-- Uv.appium.Assist -->
    </test> <!-- Default test -->
  </suite> <!-- Default suite -->
</testng-results>
